# JRE version: Java(TM) SE Runtime Environment (8.0_211-b12) (build 1.8.0_211-b12)
# Java VM: Java HotSpot(TM) 64-Bit Server VM (25.211-b12 mixed mode windows-amd64 compressed oops)
Heap:
 PSYoungGen      total 143360K, used 113301K [0x00000000f5580000, 0x00000000fff00000, 0x0000000100000000)
  eden space 114176K, 92% used [0x00000000f5580000,0x00000000fbc21280,0x00000000fc500000)
  from space 29184K, 28% used [0x00000000fe280000,0x00000000fea84448,0x00000000fff00000)
  to   space 29696K, 0% used [0x00000000fc500000,0x00000000fc500000,0x00000000fe200000)
 ParOldGen       total 175104K, used 79355K [0x00000000e0000000, 0x00000000eab00000, 0x00000000f5580000)
  object space 175104K, 45% used [0x00000000e0000000,0x00000000e4d7edf8,0x00000000eab00000)
 Metaspace       used 50719K, capacity 51866K, committed 52224K, reserved 1093632K
  class space    used 6778K, capacity 7061K, committed 7168K, reserved 1048576K
GC Heap History (10 events):
Event: 53.916 GC heap before
{Heap before GC invocations=12 (full 2):
 PSYoungGen      total 151552K, used 151520K [0x00000000f5580000, 0x0000000100000000, 0x0000000100000000)
  eden space 136192K, 100% used [0x00000000f5580000,0x00000000fda80000,0x00000000fda80000)
  from space 15360K, 99% used [0x00000000fda80000,0x00000000fe978030,0x00000000fe980000)
  to   space 17920K, 0% used [0x00000000fee80000,0x00000000fee80000,0x0000000100000000)
 ParOldGen       total 175104K, used 19562K [0x00000000e0000000, 0x00000000eab00000, 0x00000000f5580000)
  object space 175104K, 11% used [0x00000000e0000000,0x00000000e131a920,0x00000000eab00000)
 Metaspace       used 42139K, capacity 43148K, committed 43264K, reserved 1087488K
  class space    used 5821K, capacity 6089K, committed 6144K, reserved 1048576K
Event: 53.982 GC heap after
Heap after GC invocations=12 (full 2):
 PSYoungGen      total 150528K, used 17904K [0x00000000f5580000, 0x0000000100000000, 0x0000000100000000)
  eden space 132608K, 0% used [0x00000000f5580000,0x00000000f5580000,0x00000000fd700000)
  from space 17920K, 99% used [0x00000000fee80000,0x00000000ffffc040,0x0000000100000000)
  to   space 20992K, 0% used [0x00000000fd700000,0x00000000fd700000,0x00000000feb80000)
 ParOldGen       total 175104K, used 22598K [0x00000000e0000000, 0x00000000eab00000, 0x00000000f5580000)
  object space 175104K, 12% used [0x00000000e0000000,0x00000000e1611bd8,0x00000000eab00000)
 Metaspace       used 42139K, capacity 43148K, committed 43264K, reserved 1087488K
  class space    used 5821K, capacity 6089K, committed 6144K, reserved 1048576K
}
Event: 78.562 GC heap before
{Heap before GC invocations=13 (full 2):
 PSYoungGen      total 150528K, used 150512K [0x00000000f5580000, 0x0000000100000000, 0x0000000100000000)
  eden space 132608K, 100% used [0x00000000f5580000,0x00000000fd700000,0x00000000fd700000)
  from space 17920K, 99% used [0x00000000fee80000,0x00000000ffffc040,0x0000000100000000)
  to   space 20992K, 0% used [0x00000000fd700000,0x00000000fd700000,0x00000000feb80000)
 ParOldGen       total 175104K, used 22598K [0x00000000e0000000, 0x00000000eab00000, 0x00000000f5580000)
  object space 175104K, 12% used [0x00000000e0000000,0x00000000e1611bd8,0x00000000eab00000)
 Metaspace       used 46437K, capacity 47484K, committed 47744K, reserved 1089536K
  class space    used 6406K, capacity 6667K, committed 6784K, reserved 1048576K
Event: 78.958 GC heap after
Heap after GC invocations=13 (full 2):
 PSYoungGen      total 153600K, used 10923K [0x00000000f5580000, 0x0000000100000000, 0x0000000100000000)
  eden space 132608K, 0% used [0x00000000f5580000,0x00000000f5580000,0x00000000fd700000)
  from space 20992K, 52% used [0x00000000fd700000,0x00000000fe1aae10,0x00000000feb80000)
  to   space 19968K, 0% used [0x00000000fec80000,0x00000000fec80000,0x0000000100000000)
 ParOldGen       total 175104K, used 32875K [0x00000000e0000000, 0x00000000eab00000, 0x00000000f5580000)
  object space 175104K, 18% used [0x00000000e0000000,0x00000000e201aef8,0x00000000eab00000)
 Metaspace       used 46437K, capacity 47484K, committed 47744K, reserved 1089536K
  class space    used 6406K, capacity 6667K, committed 6784K, reserved 1048576K
}
Event: 105.512 GC heap before
{Heap before GC invocations=14 (full 2):
 PSYoungGen      total 153600K, used 143531K [0x00000000f5580000, 0x0000000100000000, 0x0000000100000000)
  eden space 132608K, 100% used [0x00000000f5580000,0x00000000fd700000,0x00000000fd700000)
  from space 20992K, 52% used [0x00000000fd700000,0x00000000fe1aae10,0x00000000feb80000)
  to   space 19968K, 0% used [0x00000000fec80000,0x00000000fec80000,0x0000000100000000)
 ParOldGen       total 175104K, used 32875K [0x00000000e0000000, 0x00000000eab00000, 0x00000000f5580000)
  object space 175104K, 18% used [0x00000000e0000000,0x00000000e201aef8,0x00000000eab00000)
 Metaspace       used 47531K, capacity 48616K, committed 48768K, reserved 1091584K
  class space    used 6461K, capacity 6765K, committed 6784K, reserved 1048576K
Event: 107.084 GC heap after
Heap after GC invocations=14 (full 2):
 PSYoungGen      total 134144K, used 19959K [0x00000000f5580000, 0x0000000100000000, 0x0000000100000000)
  eden space 114176K, 0% used [0x00000000f5580000,0x00000000f5580000,0x00000000fc500000)
  from space 19968K, 99% used [0x00000000fec80000,0x00000000ffffde08,0x0000000100000000)
  to   space 30208K, 0% used [0x00000000fc500000,0x00000000fc500000,0x00000000fe280000)
 ParOldGen       total 175104K, used 54491K [0x00000000e0000000, 0x00000000eab00000, 0x00000000f5580000)
  object space 175104K, 31% used [0x00000000e0000000,0x00000000e3536f30,0x00000000eab00000)
 Metaspace       used 47531K, capacity 48616K, committed 48768K, reserved 1091584K
  class space    used 6461K, capacity 6765K, committed 6784K, reserved 1048576K
}
Event: 147.159 GC heap before
{Heap before GC invocations=15 (full 2):
 PSYoungGen      total 134144K, used 134135K [0x00000000f5580000, 0x0000000100000000, 0x0000000100000000)
  eden space 114176K, 100% used [0x00000000f5580000,0x00000000fc500000,0x00000000fc500000)
  from space 19968K, 99% used [0x00000000fec80000,0x00000000ffffde08,0x0000000100000000)
  to   space 30208K, 0% used [0x00000000fc500000,0x00000000fc500000,0x00000000fe280000)
 ParOldGen       total 175104K, used 54491K [0x00000000e0000000, 0x00000000eab00000, 0x00000000f5580000)
  object space 175104K, 31% used [0x00000000e0000000,0x00000000e3536f30,0x00000000eab00000)
 Metaspace       used 49212K, capacity 50330K, committed 50560K, reserved 1093632K
  class space    used 6639K, capacity 6933K, committed 7040K, reserved 1048576K
Event: 147.984 GC heap after
Heap after GC invocations=15 (full 2):
 PSYoungGen      total 144384K, used 6424K [0x00000000f5580000, 0x0000000100000000, 0x0000000100000000)
  eden space 114176K, 0% used [0x00000000f5580000,0x00000000f5580000,0x00000000fc500000)
  from space 30208K, 21% used [0x00000000fc500000,0x00000000fcb46078,0x00000000fe280000)
  to   space 30208K, 0% used [0x00000000fe280000,0x00000000fe280000,0x0000000100000000)
 ParOldGen       total 175104K, used 74403K [0x00000000e0000000, 0x00000000eab00000, 0x00000000f5580000)
  object space 175104K, 42% used [0x00000000e0000000,0x00000000e48a8d60,0x00000000eab00000)
 Metaspace       used 49212K, capacity 50330K, committed 50560K, reserved 1093632K
  class space    used 6639K, capacity 6933K, committed 7040K, reserved 1048576K
}
Event: 153.138 GC heap before
{Heap before GC invocations=16 (full 2):
 PSYoungGen      total 144384K, used 120600K [0x00000000f5580000, 0x0000000100000000, 0x0000000100000000)
  eden space 114176K, 100% used [0x00000000f5580000,0x00000000fc500000,0x00000000fc500000)
  from space 30208K, 21% used [0x00000000fc500000,0x00000000fcb46078,0x00000000fe280000)
  to   space 30208K, 0% used [0x00000000fe280000,0x00000000fe280000,0x0000000100000000)
 ParOldGen       total 175104K, used 74403K [0x00000000e0000000, 0x00000000eab00000, 0x00000000f5580000)
  object space 175104K, 42% used [0x00000000e0000000,0x00000000e48a8d60,0x00000000eab00000)
 Metaspace       used 49352K, capacity 50522K, committed 50816K, reserved 1093632K
  class space    used 6639K, capacity 6933K, committed 7040K, reserved 1048576K
Event: 153.373 GC heap after
Heap after GC invocations=16 (full 2):
 PSYoungGen      total 143360K, used 8209K [0x00000000f5580000, 0x00000000fff00000, 0x0000000100000000)
  eden space 114176K, 0% used [0x00000000f5580000,0x00000000f5580000,0x00000000fc500000)
  from space 29184K, 28% used [0x00000000fe280000,0x00000000fea84448,0x00000000fff00000)
  to   space 29696K, 0% used [0x00000000fc500000,0x00000000fc500000,0x00000000fe200000)
 ParOldGen       total 175104K, used 79355K [0x00000000e0000000, 0x00000000eab00000, 0x00000000f5580000)
  object space 175104K, 45% used [0x00000000e0000000,0x00000000e4d7edf8,0x00000000eab00000)
 Metaspace       used 49352K, capacity 50522K, committed 50816K, reserved 1093632K
  class space    used 6639K, capacity 6933K, committed 7040K, reserved 1048576K
}

